<?xml version="1.0" encoding="UTF-8"?>
<coverage generated="1696304889052" clover="3.2.0">
  <project timestamp="1696304889052" name="All files">
    <metrics statements="310" coveredstatements="307" conditionals="45" coveredconditionals="37" methods="7" coveredmethods="7" elements="362" coveredelements="351" complexity="0" loc="310" ncloc="310" packages="1" files="3" classes="3"/>
    <file name="index.tsx" path="/Users/hzlzh/Documents/NodeJS/react-ui/src/VirtualTable/index.tsx">
      <metrics statements="184" coveredstatements="181" conditionals="37" coveredconditionals="29" methods="5" coveredmethods="5"/>
      <line num="1" count="1" type="stmt"/>
      <line num="2" count="1" type="stmt"/>
      <line num="3" count="1" type="stmt"/>
      <line num="4" count="1" type="stmt"/>
      <line num="5" count="1" type="stmt"/>
      <line num="6" count="1" type="cond" truecount="1" falsecount="0"/>
      <line num="7" count="9" type="stmt"/>
      <line num="8" count="9" type="stmt"/>
      <line num="9" count="9" type="stmt"/>
      <line num="10" count="9" type="stmt"/>
      <line num="11" count="9" type="stmt"/>
      <line num="12" count="9" type="stmt"/>
      <line num="13" count="9" type="stmt"/>
      <line num="14" count="9" type="stmt"/>
      <line num="15" count="9" type="stmt"/>
      <line num="16" count="9" type="stmt"/>
      <line num="17" count="9" type="stmt"/>
      <line num="18" count="9" type="stmt"/>
      <line num="19" count="9" type="stmt"/>
      <line num="20" count="9" type="stmt"/>
      <line num="21" count="9" type="stmt"/>
      <line num="22" count="9" type="stmt"/>
      <line num="23" count="9" type="stmt"/>
      <line num="24" count="9" type="stmt"/>
      <line num="25" count="9" type="stmt"/>
      <line num="26" count="9" type="stmt"/>
      <line num="27" count="9" type="stmt"/>
      <line num="28" count="9" type="stmt"/>
      <line num="29" count="9" type="stmt"/>
      <line num="30" count="9" type="stmt"/>
      <line num="31" count="9" type="stmt"/>
      <line num="32" count="9" type="cond" truecount="2" falsecount="0"/>
      <line num="33" count="9" type="cond" truecount="1" falsecount="0"/>
      <line num="34" count="32" type="stmt"/>
      <line num="35" count="32" type="stmt"/>
      <line num="36" count="32" type="stmt"/>
      <line num="37" count="32" type="stmt"/>
      <line num="38" count="32" type="stmt"/>
      <line num="39" count="32" type="stmt"/>
      <line num="40" count="32" type="stmt"/>
      <line num="41" count="32" type="stmt"/>
      <line num="42" count="32" type="stmt"/>
      <line num="43" count="9" type="stmt"/>
      <line num="44" count="9" type="stmt"/>
      <line num="45" count="9" type="stmt"/>
      <line num="46" count="9" type="cond" truecount="1" falsecount="0"/>
      <line num="47" count="7" type="stmt"/>
      <line num="48" count="7" type="stmt"/>
      <line num="49" count="7" type="stmt"/>
      <line num="50" count="9" type="stmt"/>
      <line num="51" count="9" type="stmt"/>
      <line num="52" count="9" type="cond" truecount="1" falsecount="0"/>
      <line num="53" count="9" type="cond" truecount="1" falsecount="0"/>
      <line num="54" count="7" type="cond" truecount="1" falsecount="0"/>
      <line num="55" count="4" type="stmt"/>
      <line num="56" count="4" type="cond" truecount="2" falsecount="0"/>
      <line num="57" count="2" type="stmt"/>
      <line num="58" count="2" type="stmt"/>
      <line num="59" count="2" type="cond" truecount="0" falsecount="1"/>
      <line num="60" count="0" type="stmt"/>
      <line num="61" count="0" type="stmt"/>
      <line num="62" count="0" type="stmt"/>
      <line num="63" count="4" type="stmt"/>
      <line num="64" count="3" type="cond" truecount="1" falsecount="0"/>
      <line num="65" count="3" type="cond" truecount="2" falsecount="0"/>
      <line num="66" count="3" type="stmt"/>
      <line num="67" count="7" type="stmt"/>
      <line num="68" count="9" type="stmt"/>
      <line num="69" count="9" type="stmt"/>
      <line num="70" count="9" type="stmt"/>
      <line num="71" count="9" type="stmt"/>
      <line num="72" count="9" type="stmt"/>
      <line num="73" count="9" type="cond" truecount="1" falsecount="0"/>
      <line num="74" count="1" type="stmt"/>
      <line num="75" count="1" type="stmt"/>
      <line num="76" count="1" type="stmt"/>
      <line num="77" count="1" type="stmt"/>
      <line num="78" count="9" type="stmt"/>
      <line num="79" count="9" type="stmt"/>
      <line num="80" count="9" type="stmt"/>
      <line num="81" count="9" type="cond" truecount="1" falsecount="0"/>
      <line num="82" count="3" type="cond" truecount="1" falsecount="0"/>
      <line num="83" count="2" type="cond" truecount="0" falsecount="1"/>
      <line num="84" count="2" type="cond" truecount="0" falsecount="1"/>
      <line num="85" count="2" type="stmt"/>
      <line num="86" count="2" type="stmt"/>
      <line num="87" count="2" type="stmt"/>
      <line num="88" count="2" type="stmt"/>
      <line num="89" count="2" type="stmt"/>
      <line num="90" count="1" type="cond" truecount="1" falsecount="0"/>
      <line num="91" count="1" type="cond" truecount="0" falsecount="1"/>
      <line num="92" count="1" type="stmt"/>
      <line num="93" count="1" type="stmt"/>
      <line num="94" count="1" type="stmt"/>
      <line num="95" count="3" type="stmt"/>
      <line num="96" count="9" type="stmt"/>
      <line num="97" count="9" type="stmt"/>
      <line num="98" count="9" type="stmt"/>
      <line num="99" count="9" type="cond" truecount="1" falsecount="0"/>
      <line num="100" count="2" type="cond" truecount="1" falsecount="0"/>
      <line num="101" count="1" type="stmt"/>
      <line num="102" count="1" type="cond" truecount="0" falsecount="1"/>
      <line num="103" count="1" type="stmt"/>
      <line num="104" count="1" type="stmt"/>
      <line num="105" count="1" type="stmt"/>
      <line num="106" count="1" type="stmt"/>
      <line num="107" count="1" type="stmt"/>
      <line num="108" count="1" type="stmt"/>
      <line num="109" count="1" type="stmt"/>
      <line num="110" count="2" type="stmt"/>
      <line num="111" count="9" type="stmt"/>
      <line num="112" count="9" type="stmt"/>
      <line num="113" count="9" type="stmt"/>
      <line num="114" count="9" type="cond" truecount="1" falsecount="0"/>
      <line num="115" count="8" type="stmt"/>
      <line num="116" count="8" type="stmt"/>
      <line num="117" count="8" type="stmt"/>
      <line num="118" count="8" type="stmt"/>
      <line num="119" count="8" type="stmt"/>
      <line num="120" count="8" type="stmt"/>
      <line num="121" count="8" type="stmt"/>
      <line num="122" count="8" type="cond" truecount="1" falsecount="0"/>
      <line num="123" count="88" type="stmt"/>
      <line num="124" count="88" type="stmt"/>
      <line num="125" count="88" type="stmt"/>
      <line num="126" count="88" type="cond" truecount="0" falsecount="1"/>
      <line num="127" count="88" type="stmt"/>
      <line num="128" count="88" type="stmt"/>
      <line num="129" count="88" type="stmt"/>
      <line num="130" count="88" type="stmt"/>
      <line num="131" count="88" type="stmt"/>
      <line num="132" count="88" type="stmt"/>
      <line num="133" count="88" type="stmt"/>
      <line num="134" count="88" type="stmt"/>
      <line num="135" count="88" type="cond" truecount="1" falsecount="0"/>
      <line num="136" count="88" type="cond" truecount="3" falsecount="0"/>
      <line num="137" count="88" type="cond" truecount="2" falsecount="0"/>
      <line num="138" count="88" type="stmt"/>
      <line num="139" count="88" type="stmt"/>
      <line num="140" count="88" type="stmt"/>
      <line num="141" count="88" type="stmt"/>
      <line num="142" count="88" type="stmt"/>
      <line num="143" count="8" type="stmt"/>
      <line num="144" count="9" type="stmt"/>
      <line num="145" count="9" type="stmt"/>
      <line num="146" count="9" type="stmt"/>
      <line num="147" count="9" type="stmt"/>
      <line num="148" count="9" type="stmt"/>
      <line num="149" count="9" type="stmt"/>
      <line num="150" count="9" type="stmt"/>
      <line num="151" count="9" type="stmt"/>
      <line num="152" count="9" type="stmt"/>
      <line num="153" count="9" type="stmt"/>
      <line num="154" count="9" type="stmt"/>
      <line num="155" count="9" type="stmt"/>
      <line num="156" count="9" type="stmt"/>
      <line num="157" count="9" type="cond" truecount="0" falsecount="1"/>
      <line num="158" count="9" type="stmt"/>
      <line num="159" count="9" type="stmt"/>
      <line num="160" count="9" type="stmt"/>
      <line num="161" count="9" type="stmt"/>
      <line num="162" count="9" type="stmt"/>
      <line num="163" count="9" type="stmt"/>
      <line num="164" count="9" type="cond" truecount="0" falsecount="1"/>
      <line num="165" count="9" type="stmt"/>
      <line num="166" count="9" type="stmt"/>
      <line num="167" count="9" type="cond" truecount="1" falsecount="0"/>
      <line num="168" count="8" type="stmt"/>
      <line num="169" count="8" type="stmt"/>
      <line num="170" count="9" type="stmt"/>
      <line num="171" count="9" type="cond" truecount="1" falsecount="0"/>
      <line num="172" count="1" type="stmt"/>
      <line num="173" count="9" type="stmt"/>
      <line num="174" count="9" type="stmt"/>
      <line num="175" count="9" type="stmt"/>
      <line num="176" count="9" type="stmt"/>
      <line num="177" count="9" type="stmt"/>
      <line num="178" count="9" type="stmt"/>
      <line num="179" count="9" type="stmt"/>
      <line num="180" count="9" type="stmt"/>
      <line num="181" count="9" type="stmt"/>
      <line num="182" count="9" type="stmt"/>
      <line num="183" count="1" type="stmt"/>
      <line num="184" count="1" type="stmt"/>
    </file>
    <file name="styles.ts" path="/Users/hzlzh/Documents/NodeJS/react-ui/src/VirtualTable/styles.ts">
      <metrics statements="80" coveredstatements="80" conditionals="0" coveredconditionals="0" methods="0" coveredmethods="0"/>
      <line num="1" count="1" type="stmt"/>
      <line num="2" count="1" type="stmt"/>
      <line num="3" count="1" type="stmt"/>
      <line num="4" count="1" type="stmt"/>
      <line num="5" count="1" type="stmt"/>
      <line num="6" count="1" type="stmt"/>
      <line num="7" count="1" type="stmt"/>
      <line num="8" count="1" type="stmt"/>
      <line num="9" count="1" type="stmt"/>
      <line num="10" count="1" type="stmt"/>
      <line num="11" count="1" type="stmt"/>
      <line num="12" count="1" type="stmt"/>
      <line num="13" count="1" type="stmt"/>
      <line num="14" count="1" type="stmt"/>
      <line num="15" count="1" type="stmt"/>
      <line num="16" count="1" type="stmt"/>
      <line num="17" count="1" type="stmt"/>
      <line num="18" count="1" type="stmt"/>
      <line num="19" count="1" type="stmt"/>
      <line num="20" count="1" type="stmt"/>
      <line num="21" count="1" type="stmt"/>
      <line num="22" count="1" type="stmt"/>
      <line num="23" count="1" type="stmt"/>
      <line num="24" count="1" type="stmt"/>
      <line num="25" count="1" type="stmt"/>
      <line num="26" count="1" type="stmt"/>
      <line num="27" count="1" type="stmt"/>
      <line num="28" count="1" type="stmt"/>
      <line num="29" count="1" type="stmt"/>
      <line num="30" count="1" type="stmt"/>
      <line num="31" count="1" type="stmt"/>
      <line num="32" count="1" type="stmt"/>
      <line num="33" count="1" type="stmt"/>
      <line num="34" count="1" type="stmt"/>
      <line num="35" count="1" type="stmt"/>
      <line num="36" count="1" type="stmt"/>
      <line num="37" count="1" type="stmt"/>
      <line num="38" count="1" type="stmt"/>
      <line num="39" count="1" type="stmt"/>
      <line num="40" count="1" type="stmt"/>
      <line num="41" count="1" type="stmt"/>
      <line num="42" count="1" type="stmt"/>
      <line num="43" count="1" type="stmt"/>
      <line num="44" count="1" type="stmt"/>
      <line num="45" count="1" type="stmt"/>
      <line num="46" count="1" type="stmt"/>
      <line num="47" count="1" type="stmt"/>
      <line num="48" count="1" type="stmt"/>
      <line num="49" count="1" type="stmt"/>
      <line num="50" count="1" type="stmt"/>
      <line num="51" count="1" type="stmt"/>
      <line num="52" count="1" type="stmt"/>
      <line num="53" count="1" type="stmt"/>
      <line num="54" count="1" type="stmt"/>
      <line num="55" count="1" type="stmt"/>
      <line num="56" count="1" type="stmt"/>
      <line num="57" count="1" type="stmt"/>
      <line num="58" count="1" type="stmt"/>
      <line num="59" count="1" type="stmt"/>
      <line num="60" count="1" type="stmt"/>
      <line num="61" count="1" type="stmt"/>
      <line num="62" count="1" type="stmt"/>
      <line num="63" count="1" type="stmt"/>
      <line num="64" count="1" type="stmt"/>
      <line num="65" count="1" type="stmt"/>
      <line num="66" count="1" type="stmt"/>
      <line num="67" count="1" type="stmt"/>
      <line num="68" count="1" type="stmt"/>
      <line num="69" count="1" type="stmt"/>
      <line num="70" count="1" type="stmt"/>
      <line num="71" count="1" type="stmt"/>
      <line num="72" count="1" type="stmt"/>
      <line num="73" count="1" type="stmt"/>
      <line num="74" count="1" type="stmt"/>
      <line num="75" count="1" type="stmt"/>
      <line num="76" count="1" type="stmt"/>
      <line num="77" count="1" type="stmt"/>
      <line num="78" count="1" type="stmt"/>
      <line num="79" count="1" type="stmt"/>
      <line num="80" count="1" type="stmt"/>
    </file>
    <file name="virtualRow.tsx" path="/Users/hzlzh/Documents/NodeJS/react-ui/src/VirtualTable/virtualRow.tsx">
      <metrics statements="46" coveredstatements="46" conditionals="8" coveredconditionals="8" methods="2" coveredmethods="2"/>
      <line num="1" count="1" type="stmt"/>
      <line num="2" count="1" type="stmt"/>
      <line num="3" count="1" type="stmt"/>
      <line num="4" count="1" type="cond" truecount="1" falsecount="0"/>
      <line num="5" count="88" type="stmt"/>
      <line num="6" count="88" type="stmt"/>
      <line num="7" count="88" type="stmt"/>
      <line num="8" count="88" type="cond" truecount="1" falsecount="0"/>
      <line num="9" count="352" type="stmt"/>
      <line num="10" count="352" type="stmt"/>
      <line num="11" count="352" type="stmt"/>
      <line num="12" count="352" type="stmt"/>
      <line num="13" count="352" type="stmt"/>
      <line num="14" count="352" type="stmt"/>
      <line num="15" count="352" type="stmt"/>
      <line num="16" count="352" type="stmt"/>
      <line num="17" count="352" type="stmt"/>
      <line num="18" count="352" type="stmt"/>
      <line num="19" count="352" type="stmt"/>
      <line num="20" count="352" type="stmt"/>
      <line num="21" count="88" type="stmt"/>
      <line num="22" count="88" type="stmt"/>
      <line num="23" count="88" type="stmt"/>
      <line num="24" count="88" type="cond" truecount="1" falsecount="0"/>
      <line num="25" count="3" type="stmt"/>
      <line num="26" count="88" type="stmt"/>
      <line num="27" count="88" type="stmt"/>
      <line num="28" count="88" type="cond" truecount="1" falsecount="0"/>
      <line num="29" count="77" type="stmt"/>
      <line num="30" count="77" type="stmt"/>
      <line num="31" count="77" type="stmt"/>
      <line num="32" count="88" type="stmt"/>
      <line num="33" count="88" type="stmt"/>
      <line num="34" count="88" type="stmt"/>
      <line num="35" count="88" type="stmt"/>
      <line num="36" count="88" type="stmt"/>
      <line num="37" count="88" type="stmt"/>
      <line num="38" count="88" type="stmt"/>
      <line num="39" count="88" type="cond" truecount="4" falsecount="0"/>
      <line num="40" count="88" type="stmt"/>
      <line num="41" count="88" type="stmt"/>
      <line num="42" count="88" type="stmt"/>
      <line num="43" count="88" type="stmt"/>
      <line num="44" count="88" type="stmt"/>
      <line num="45" count="1" type="stmt"/>
      <line num="46" count="1" type="stmt"/>
    </file>
  </project>
</coverage>
