{"/Users/hzlzh/Documents/NodeJS/react-ui/src/VirtualTable/index.tsx": {"path":"/Users/hzlzh/Documents/NodeJS/react-ui/src/VirtualTable/index.tsx","all":false,"statementMap":{"0":{"start":{"line":1,"column":0},"end":{"line":1,"column":57}},"1":{"start":{"line":2,"column":0},"end":{"line":2,"column":48}},"2":{"start":{"line":3,"column":0},"end":{"line":3,"column":37}},"3":{"start":{"line":4,"column":0},"end":{"line":4,"column":38}},"4":{"start":{"line":5,"column":0},"end":{"line":5,"column":0}},"5":{"start":{"line":6,"column":0},"end":{"line":6,"column":67}},"6":{"start":{"line":7,"column":0},"end":{"line":7,"column":8}},"7":{"start":{"line":8,"column":0},"end":{"line":8,"column":18}},"8":{"start":{"line":9,"column":0},"end":{"line":9,"column":20}},"9":{"start":{"line":10,"column":0},"end":{"line":10,"column":17}},"10":{"start":{"line":11,"column":0},"end":{"line":11,"column":17}},"11":{"start":{"line":12,"column":0},"end":{"line":12,"column":15}},"12":{"start":{"line":13,"column":0},"end":{"line":13,"column":17}},"13":{"start":{"line":14,"column":0},"end":{"line":14,"column":23}},"14":{"start":{"line":15,"column":0},"end":{"line":15,"column":17}},"15":{"start":{"line":16,"column":0},"end":{"line":16,"column":21}},"16":{"start":{"line":17,"column":0},"end":{"line":17,"column":22}},"17":{"start":{"line":18,"column":0},"end":{"line":18,"column":10}},"18":{"start":{"line":19,"column":0},"end":{"line":19,"column":10}},"19":{"start":{"line":20,"column":0},"end":{"line":20,"column":11}},"20":{"start":{"line":21,"column":0},"end":{"line":21,"column":0}},"21":{"start":{"line":22,"column":0},"end":{"line":22,"column":49}},"22":{"start":{"line":23,"column":0},"end":{"line":23,"column":0}},"23":{"start":{"line":24,"column":0},"end":{"line":24,"column":24}},"24":{"start":{"line":25,"column":0},"end":{"line":25,"column":48}},"25":{"start":{"line":26,"column":0},"end":{"line":26,"column":56}},"26":{"start":{"line":27,"column":0},"end":{"line":27,"column":62}},"27":{"start":{"line":28,"column":0},"end":{"line":28,"column":78}},"28":{"start":{"line":29,"column":0},"end":{"line":29,"column":31}},"29":{"start":{"line":30,"column":0},"end":{"line":30,"column":0}},"30":{"start":{"line":31,"column":0},"end":{"line":31,"column":6}},"31":{"start":{"line":32,"column":0},"end":{"line":32,"column":68}},"32":{"start":{"line":33,"column":0},"end":{"line":33,"column":25}},"33":{"start":{"line":34,"column":0},"end":{"line":34,"column":14}},"34":{"start":{"line":35,"column":0},"end":{"line":35,"column":6}},"35":{"start":{"line":36,"column":0},"end":{"line":36,"column":18}},"36":{"start":{"line":37,"column":0},"end":{"line":37,"column":72}},"37":{"start":{"line":38,"column":0},"end":{"line":38,"column":14}},"38":{"start":{"line":39,"column":0},"end":{"line":39,"column":4}},"39":{"start":{"line":40,"column":0},"end":{"line":40,"column":10}},"40":{"start":{"line":41,"column":0},"end":{"line":41,"column":9}},"41":{"start":{"line":42,"column":0},"end":{"line":42,"column":4}},"42":{"start":{"line":43,"column":0},"end":{"line":43,"column":4}},"43":{"start":{"line":44,"column":0},"end":{"line":44,"column":0}},"44":{"start":{"line":45,"column":0},"end":{"line":45,"column":9}},"45":{"start":{"line":46,"column":0},"end":{"line":46,"column":30}},"46":{"start":{"line":47,"column":0},"end":{"line":47,"column":38}},"47":{"start":{"line":48,"column":0},"end":{"line":48,"column":43}},"48":{"start":{"line":49,"column":0},"end":{"line":49,"column":7}},"49":{"start":{"line":50,"column":0},"end":{"line":50,"column":3}},"50":{"start":{"line":51,"column":0},"end":{"line":51,"column":0}},"51":{"start":{"line":52,"column":0},"end":{"line":52,"column":16}},"52":{"start":{"line":53,"column":0},"end":{"line":53,"column":17}},"53":{"start":{"line":54,"column":0},"end":{"line":54,"column":19}},"54":{"start":{"line":55,"column":0},"end":{"line":55,"column":32}},"55":{"start":{"line":56,"column":0},"end":{"line":56,"column":35}},"56":{"start":{"line":57,"column":0},"end":{"line":57,"column":45}},"57":{"start":{"line":58,"column":0},"end":{"line":58,"column":5}},"58":{"start":{"line":59,"column":0},"end":{"line":59,"column":30}},"59":{"start":{"line":60,"column":0},"end":{"line":60,"column":46}},"60":{"start":{"line":61,"column":0},"end":{"line":61,"column":39}},"61":{"start":{"line":62,"column":0},"end":{"line":62,"column":5}},"62":{"start":{"line":63,"column":0},"end":{"line":63,"column":4}},"63":{"start":{"line":64,"column":0},"end":{"line":64,"column":8}},"64":{"start":{"line":65,"column":0},"end":{"line":65,"column":105}},"65":{"start":{"line":66,"column":0},"end":{"line":66,"column":4}},"66":{"start":{"line":67,"column":0},"end":{"line":67,"column":3}},"67":{"start":{"line":68,"column":0},"end":{"line":68,"column":63}},"68":{"start":{"line":69,"column":0},"end":{"line":69,"column":0}},"69":{"start":{"line":70,"column":0},"end":{"line":70,"column":0}},"70":{"start":{"line":71,"column":0},"end":{"line":71,"column":15}},"71":{"start":{"line":72,"column":0},"end":{"line":72,"column":37}},"72":{"start":{"line":73,"column":0},"end":{"line":73,"column":39}},"73":{"start":{"line":74,"column":0},"end":{"line":74,"column":35}},"74":{"start":{"line":75,"column":0},"end":{"line":75,"column":44}},"75":{"start":{"line":76,"column":0},"end":{"line":76,"column":29}},"76":{"start":{"line":77,"column":0},"end":{"line":77,"column":44}},"77":{"start":{"line":78,"column":0},"end":{"line":78,"column":3}},"78":{"start":{"line":79,"column":0},"end":{"line":79,"column":0}},"79":{"start":{"line":80,"column":0},"end":{"line":80,"column":7}},"80":{"start":{"line":81,"column":0},"end":{"line":81,"column":58}},"81":{"start":{"line":82,"column":0},"end":{"line":82,"column":18}},"82":{"start":{"line":83,"column":0},"end":{"line":83,"column":105}},"83":{"start":{"line":84,"column":0},"end":{"line":84,"column":112}},"84":{"start":{"line":85,"column":0},"end":{"line":85,"column":0}},"85":{"start":{"line":86,"column":0},"end":{"line":86,"column":20}},"86":{"start":{"line":87,"column":0},"end":{"line":87,"column":28}},"87":{"start":{"line":88,"column":0},"end":{"line":88,"column":45}},"88":{"start":{"line":89,"column":0},"end":{"line":89,"column":3}},"89":{"start":{"line":90,"column":0},"end":{"line":90,"column":7}},"90":{"start":{"line":91,"column":0},"end":{"line":91,"column":53}},"91":{"start":{"line":92,"column":0},"end":{"line":92,"column":22}},"92":{"start":{"line":93,"column":0},"end":{"line":93,"column":42}},"93":{"start":{"line":94,"column":0},"end":{"line":94,"column":3}},"94":{"start":{"line":95,"column":0},"end":{"line":95,"column":0}},"95":{"start":{"line":96,"column":0},"end":{"line":96,"column":3}},"96":{"start":{"line":97,"column":0},"end":{"line":97,"column":0}},"97":{"start":{"line":98,"column":0},"end":{"line":98,"column":7}},"98":{"start":{"line":99,"column":0},"end":{"line":99,"column":30}},"99":{"start":{"line":100,"column":0},"end":{"line":100,"column":18}},"100":{"start":{"line":101,"column":0},"end":{"line":101,"column":38}},"101":{"start":{"line":102,"column":0},"end":{"line":102,"column":73}},"102":{"start":{"line":103,"column":0},"end":{"line":103,"column":20}},"103":{"start":{"line":104,"column":0},"end":{"line":104,"column":3}},"104":{"start":{"line":105,"column":0},"end":{"line":105,"column":7}},"105":{"start":{"line":106,"column":0},"end":{"line":106,"column":38}},"106":{"start":{"line":107,"column":0},"end":{"line":107,"column":44}},"107":{"start":{"line":108,"column":0},"end":{"line":108,"column":21}},"108":{"start":{"line":109,"column":0},"end":{"line":109,"column":3}},"109":{"start":{"line":110,"column":0},"end":{"line":110,"column":0}},"110":{"start":{"line":111,"column":0},"end":{"line":111,"column":3}},"111":{"start":{"line":112,"column":0},"end":{"line":112,"column":0}},"112":{"start":{"line":113,"column":0},"end":{"line":113,"column":11}},"113":{"start":{"line":114,"column":0},"end":{"line":114,"column":34}},"114":{"start":{"line":115,"column":0},"end":{"line":115,"column":67}},"115":{"start":{"line":116,"column":0},"end":{"line":116,"column":57}},"116":{"start":{"line":117,"column":0},"end":{"line":117,"column":61}},"117":{"start":{"line":118,"column":0},"end":{"line":118,"column":70}},"118":{"start":{"line":119,"column":0},"end":{"line":119,"column":13}},"119":{"start":{"line":120,"column":0},"end":{"line":120,"column":0}},"120":{"start":{"line":121,"column":0},"end":{"line":121,"column":26}},"121":{"start":{"line":122,"column":0},"end":{"line":122,"column":49}},"122":{"start":{"line":123,"column":0},"end":{"line":123,"column":22}},"123":{"start":{"line":124,"column":0},"end":{"line":124,"column":21}},"124":{"start":{"line":125,"column":0},"end":{"line":125,"column":23}},"125":{"start":{"line":126,"column":0},"end":{"line":126,"column":81}},"126":{"start":{"line":127,"column":0},"end":{"line":127,"column":5}},"127":{"start":{"line":128,"column":0},"end":{"line":128,"column":13}},"128":{"start":{"line":129,"column":0},"end":{"line":129,"column":15}},"129":{"start":{"line":130,"column":0},"end":{"line":130,"column":12}},"130":{"start":{"line":131,"column":0},"end":{"line":131,"column":12}},"131":{"start":{"line":132,"column":0},"end":{"line":132,"column":20}},"132":{"start":{"line":133,"column":0},"end":{"line":133,"column":24}},"133":{"start":{"line":134,"column":0},"end":{"line":134,"column":22}},"134":{"start":{"line":135,"column":0},"end":{"line":135,"column":27}},"135":{"start":{"line":136,"column":0},"end":{"line":136,"column":42}},"136":{"start":{"line":137,"column":0},"end":{"line":137,"column":38}},"137":{"start":{"line":138,"column":0},"end":{"line":138,"column":28}},"138":{"start":{"line":139,"column":0},"end":{"line":139,"column":26}},"139":{"start":{"line":140,"column":0},"end":{"line":140,"column":7}},"140":{"start":{"line":141,"column":0},"end":{"line":141,"column":5}},"141":{"start":{"line":142,"column":0},"end":{"line":142,"column":3}},"142":{"start":{"line":143,"column":0},"end":{"line":143,"column":14}},"143":{"start":{"line":144,"column":0},"end":{"line":144,"column":3}},"144":{"start":{"line":145,"column":0},"end":{"line":145,"column":0}},"145":{"start":{"line":146,"column":0},"end":{"line":146,"column":9}},"146":{"start":{"line":147,"column":0},"end":{"line":147,"column":17}},"147":{"start":{"line":148,"column":0},"end":{"line":148,"column":34}},"148":{"start":{"line":149,"column":0},"end":{"line":149,"column":12}},"149":{"start":{"line":150,"column":0},"end":{"line":150,"column":23}},"150":{"start":{"line":151,"column":0},"end":{"line":151,"column":28}},"151":{"start":{"line":152,"column":0},"end":{"line":152,"column":22}},"152":{"start":{"line":153,"column":0},"end":{"line":153,"column":5}},"153":{"start":{"line":154,"column":0},"end":{"line":154,"column":21}},"154":{"start":{"line":155,"column":0},"end":{"line":155,"column":13}},"155":{"start":{"line":156,"column":0},"end":{"line":156,"column":24}},"156":{"start":{"line":157,"column":0},"end":{"line":157,"column":60}},"157":{"start":{"line":158,"column":0},"end":{"line":158,"column":7}},"158":{"start":{"line":159,"column":0},"end":{"line":159,"column":87}},"159":{"start":{"line":160,"column":0},"end":{"line":160,"column":16}},"160":{"start":{"line":161,"column":0},"end":{"line":161,"column":12}},"161":{"start":{"line":162,"column":0},"end":{"line":162,"column":15}},"162":{"start":{"line":163,"column":0},"end":{"line":163,"column":7}},"163":{"start":{"line":164,"column":0},"end":{"line":164,"column":90}},"164":{"start":{"line":165,"column":0},"end":{"line":165,"column":0}},"165":{"start":{"line":166,"column":0},"end":{"line":166,"column":7}},"166":{"start":{"line":167,"column":0},"end":{"line":167,"column":29}},"167":{"start":{"line":168,"column":0},"end":{"line":168,"column":10}},"168":{"start":{"line":169,"column":0},"end":{"line":169,"column":30}},"169":{"start":{"line":170,"column":0},"end":{"line":170,"column":11}},"170":{"start":{"line":171,"column":0},"end":{"line":171,"column":9}},"171":{"start":{"line":172,"column":0},"end":{"line":172,"column":33}},"172":{"start":{"line":173,"column":0},"end":{"line":173,"column":13}},"173":{"start":{"line":174,"column":0},"end":{"line":174,"column":14}},"174":{"start":{"line":175,"column":0},"end":{"line":175,"column":0}},"175":{"start":{"line":176,"column":0},"end":{"line":176,"column":7}},"176":{"start":{"line":177,"column":0},"end":{"line":177,"column":15}},"177":{"start":{"line":178,"column":0},"end":{"line":178,"column":14}},"178":{"start":{"line":179,"column":0},"end":{"line":179,"column":9}},"179":{"start":{"line":180,"column":0},"end":{"line":180,"column":18}},"180":{"start":{"line":181,"column":0},"end":{"line":181,"column":3}},"181":{"start":{"line":182,"column":0},"end":{"line":182,"column":2}},"182":{"start":{"line":183,"column":0},"end":{"line":183,"column":0}},"183":{"start":{"line":184,"column":0},"end":{"line":184,"column":28}}},"s":{"0":1,"1":1,"2":1,"3":1,"4":1,"5":1,"6":9,"7":9,"8":9,"9":9,"10":9,"11":9,"12":9,"13":9,"14":9,"15":9,"16":9,"17":9,"18":9,"19":9,"20":9,"21":9,"22":9,"23":9,"24":9,"25":9,"26":9,"27":9,"28":9,"29":9,"30":9,"31":9,"32":9,"33":32,"34":32,"35":32,"36":32,"37":32,"38":32,"39":32,"40":32,"41":32,"42":9,"43":9,"44":9,"45":9,"46":7,"47":7,"48":7,"49":9,"50":9,"51":9,"52":9,"53":7,"54":4,"55":4,"56":2,"57":2,"58":2,"59":0,"60":0,"61":0,"62":4,"63":3,"64":3,"65":3,"66":7,"67":9,"68":9,"69":9,"70":9,"71":9,"72":9,"73":1,"74":1,"75":1,"76":1,"77":9,"78":9,"79":9,"80":9,"81":3,"82":2,"83":2,"84":2,"85":2,"86":2,"87":2,"88":2,"89":1,"90":1,"91":1,"92":1,"93":1,"94":3,"95":9,"96":9,"97":9,"98":9,"99":2,"100":1,"101":1,"102":1,"103":1,"104":1,"105":1,"106":1,"107":1,"108":1,"109":2,"110":9,"111":9,"112":9,"113":9,"114":8,"115":8,"116":8,"117":8,"118":8,"119":8,"120":8,"121":8,"122":88,"123":88,"124":88,"125":88,"126":88,"127":88,"128":88,"129":88,"130":88,"131":88,"132":88,"133":88,"134":88,"135":88,"136":88,"137":88,"138":88,"139":88,"140":88,"141":88,"142":8,"143":9,"144":9,"145":9,"146":9,"147":9,"148":9,"149":9,"150":9,"151":9,"152":9,"153":9,"154":9,"155":9,"156":9,"157":9,"158":9,"159":9,"160":9,"161":9,"162":9,"163":9,"164":9,"165":9,"166":9,"167":8,"168":8,"169":9,"170":9,"171":1,"172":9,"173":9,"174":9,"175":9,"176":9,"177":9,"178":9,"179":9,"180":9,"181":9,"182":1,"183":1},"branchMap":{"0":{"type":"branch","line":6,"loc":{"start":{"line":6,"column":43},"end":{"line":182,"column":2}},"locations":[{"start":{"line":6,"column":43},"end":{"line":182,"column":2}}]},"1":{"type":"branch","line":32,"loc":{"start":{"line":32,"column":35},"end":{"line":32,"column":62}},"locations":[{"start":{"line":32,"column":35},"end":{"line":32,"column":62}}]},"2":{"type":"branch","line":32,"loc":{"start":{"line":32,"column":63},"end":{"line":32,"column":67}},"locations":[{"start":{"line":32,"column":63},"end":{"line":32,"column":67}}]},"3":{"type":"branch","line":46,"loc":{"start":{"line":46,"column":11},"end":{"line":49,"column":7}},"locations":[{"start":{"line":46,"column":11},"end":{"line":49,"column":7}}]},"4":{"type":"branch","line":157,"loc":{"start":{"line":157,"column":45},"end":{"line":157,"column":57}},"locations":[{"start":{"line":157,"column":45},"end":{"line":157,"column":57}}]},"5":{"type":"branch","line":164,"loc":{"start":{"line":164,"column":79},"end":{"line":164,"column":87}},"locations":[{"start":{"line":164,"column":79},"end":{"line":164,"column":87}}]},"6":{"type":"branch","line":167,"loc":{"start":{"line":167,"column":28},"end":{"line":169,"column":30}},"locations":[{"start":{"line":167,"column":28},"end":{"line":169,"column":30}}]},"7":{"type":"branch","line":171,"loc":{"start":{"line":171,"column":8},"end":{"line":172,"column":33}},"locations":[{"start":{"line":171,"column":8},"end":{"line":172,"column":33}}]},"8":{"type":"branch","line":33,"loc":{"start":{"line":33,"column":14},"end":{"line":43,"column":2}},"locations":[{"start":{"line":33,"column":14},"end":{"line":43,"column":2}}]},"9":{"type":"branch","line":52,"loc":{"start":{"line":52,"column":11},"end":{"line":68,"column":2}},"locations":[{"start":{"line":52,"column":11},"end":{"line":68,"column":2}}]},"10":{"type":"branch","line":53,"loc":{"start":{"line":53,"column":16},"end":{"line":67,"column":3}},"locations":[{"start":{"line":53,"column":16},"end":{"line":67,"column":3}}]},"11":{"type":"branch","line":54,"loc":{"start":{"line":54,"column":18},"end":{"line":63,"column":4}},"locations":[{"start":{"line":54,"column":18},"end":{"line":63,"column":4}}]},"12":{"type":"branch","line":56,"loc":{"start":{"line":56,"column":14},"end":{"line":56,"column":33}},"locations":[{"start":{"line":56,"column":14},"end":{"line":56,"column":33}}]},"13":{"type":"branch","line":56,"loc":{"start":{"line":56,"column":34},"end":{"line":62,"column":5}},"locations":[{"start":{"line":56,"column":34},"end":{"line":62,"column":5}}]},"14":{"type":"branch","line":59,"loc":{"start":{"line":59,"column":29},"end":{"line":62,"column":5}},"locations":[{"start":{"line":59,"column":29},"end":{"line":62,"column":5}}]},"15":{"type":"branch","line":64,"loc":{"start":{"line":64,"column":-1},"end":{"line":66,"column":4}},"locations":[{"start":{"line":64,"column":-1},"end":{"line":66,"column":4}}]},"16":{"type":"branch","line":65,"loc":{"start":{"line":65,"column":20},"end":{"line":65,"column":61}},"locations":[{"start":{"line":65,"column":20},"end":{"line":65,"column":61}}]},"17":{"type":"branch","line":65,"loc":{"start":{"line":65,"column":62},"end":{"line":65,"column":104}},"locations":[{"start":{"line":65,"column":62},"end":{"line":65,"column":104}}]},"18":{"type":"branch","line":73,"loc":{"start":{"line":73,"column":22},"end":{"line":78,"column":2}},"locations":[{"start":{"line":73,"column":22},"end":{"line":78,"column":2}}]},"19":{"type":"branch","line":81,"loc":{"start":{"line":81,"column":21},"end":{"line":96,"column":2}},"locations":[{"start":{"line":81,"column":21},"end":{"line":96,"column":2}}]},"20":{"type":"branch","line":82,"loc":{"start":{"line":82,"column":17},"end":{"line":89,"column":3}},"locations":[{"start":{"line":82,"column":17},"end":{"line":89,"column":3}}]},"21":{"type":"branch","line":83,"loc":{"start":{"line":83,"column":42},"end":{"line":83,"column":79}},"locations":[{"start":{"line":83,"column":42},"end":{"line":83,"column":79}}]},"22":{"type":"branch","line":84,"loc":{"start":{"line":84,"column":47},"end":{"line":84,"column":85}},"locations":[{"start":{"line":84,"column":47},"end":{"line":84,"column":85}}]},"23":{"type":"branch","line":90,"loc":{"start":{"line":90,"column":-1},"end":{"line":94,"column":3}},"locations":[{"start":{"line":90,"column":-1},"end":{"line":94,"column":3}}]},"24":{"type":"branch","line":91,"loc":{"start":{"line":91,"column":38},"end":{"line":91,"column":42}},"locations":[{"start":{"line":91,"column":38},"end":{"line":91,"column":42}}]},"25":{"type":"branch","line":99,"loc":{"start":{"line":99,"column":25},"end":{"line":111,"column":2}},"locations":[{"start":{"line":99,"column":25},"end":{"line":111,"column":2}}]},"26":{"type":"branch","line":100,"loc":{"start":{"line":100,"column":17},"end":{"line":109,"column":3}},"locations":[{"start":{"line":100,"column":17},"end":{"line":109,"column":3}}]},"27":{"type":"branch","line":102,"loc":{"start":{"line":102,"column":40},"end":{"line":102,"column":72}},"locations":[{"start":{"line":102,"column":40},"end":{"line":102,"column":72}}]},"28":{"type":"branch","line":114,"loc":{"start":{"line":114,"column":27},"end":{"line":144,"column":2}},"locations":[{"start":{"line":114,"column":27},"end":{"line":144,"column":2}}]},"29":{"type":"branch","line":122,"loc":{"start":{"line":122,"column":48},"end":{"line":142,"column":3}},"locations":[{"start":{"line":122,"column":48},"end":{"line":142,"column":3}}]},"30":{"type":"branch","line":126,"loc":{"start":{"line":126,"column":50},"end":{"line":126,"column":66}},"locations":[{"start":{"line":126,"column":50},"end":{"line":126,"column":66}}]},"31":{"type":"branch","line":135,"loc":{"start":{"line":135,"column":26},"end":{"line":136,"column":40}},"locations":[{"start":{"line":135,"column":26},"end":{"line":136,"column":40}}]},"32":{"type":"branch","line":136,"loc":{"start":{"line":136,"column":27},"end":{"line":136,"column":33}},"locations":[{"start":{"line":136,"column":27},"end":{"line":136,"column":33}}]},"33":{"type":"branch","line":136,"loc":{"start":{"line":136,"column":33},"end":{"line":136,"column":40}},"locations":[{"start":{"line":136,"column":33},"end":{"line":136,"column":40}}]},"34":{"type":"branch","line":136,"loc":{"start":{"line":136,"column":41},"end":{"line":137,"column":37}},"locations":[{"start":{"line":136,"column":41},"end":{"line":137,"column":37}}]},"35":{"type":"branch","line":137,"loc":{"start":{"line":137,"column":23},"end":{"line":137,"column":29}},"locations":[{"start":{"line":137,"column":23},"end":{"line":137,"column":29}}]},"36":{"type":"branch","line":137,"loc":{"start":{"line":137,"column":30},"end":{"line":137,"column":37}},"locations":[{"start":{"line":137,"column":30},"end":{"line":137,"column":37}}]}},"b":{"0":[9],"1":[8],"2":[1],"3":[7],"4":[0],"5":[0],"6":[8],"7":[1],"8":[32],"9":[9],"10":[7],"11":[4],"12":[2],"13":[2],"14":[0],"15":[3],"16":[1],"17":[2],"18":[1],"19":[3],"20":[2],"21":[0],"22":[0],"23":[1],"24":[0],"25":[2],"26":[1],"27":[0],"28":[8],"29":[88],"30":[0],"31":[44],"32":[3],"33":[41],"34":[44],"35":[1],"36":[43]},"fnMap":{"0":{"name":"VirtualTable","decl":{"start":{"line":6,"column":43},"end":{"line":182,"column":2}},"loc":{"start":{"line":6,"column":43},"end":{"line":182,"column":2}},"line":6},"1":{"name":"handleScroll","decl":{"start":{"line":73,"column":22},"end":{"line":78,"column":2}},"loc":{"start":{"line":73,"column":22},"end":{"line":78,"column":2}},"line":73},"2":{"name":"handleCheck","decl":{"start":{"line":81,"column":21},"end":{"line":96,"column":2}},"loc":{"start":{"line":81,"column":21},"end":{"line":96,"column":2}},"line":81},"3":{"name":"handleAllSelect","decl":{"start":{"line":99,"column":25},"end":{"line":111,"column":2}},"loc":{"start":{"line":99,"column":25},"end":{"line":111,"column":2}},"line":99},"4":{"name":"getClientChildren","decl":{"start":{"line":114,"column":27},"end":{"line":144,"column":2}},"loc":{"start":{"line":114,"column":27},"end":{"line":144,"column":2}},"line":114}},"f":{"0":9,"1":1,"2":3,"3":2,"4":8}}
,"/Users/hzlzh/Documents/NodeJS/react-ui/src/VirtualTable/styles.ts": {"path":"/Users/hzlzh/Documents/NodeJS/react-ui/src/VirtualTable/styles.ts","all":false,"statementMap":{"0":{"start":{"line":1,"column":0},"end":{"line":1,"column":39}},"1":{"start":{"line":2,"column":0},"end":{"line":2,"column":0}},"2":{"start":{"line":3,"column":0},"end":{"line":3,"column":34}},"3":{"start":{"line":4,"column":0},"end":{"line":4,"column":18}},"4":{"start":{"line":5,"column":0},"end":{"line":5,"column":30}},"5":{"start":{"line":6,"column":0},"end":{"line":6,"column":16}},"6":{"start":{"line":7,"column":0},"end":{"line":7,"column":16}},"7":{"start":{"line":8,"column":0},"end":{"line":8,"column":12}},"8":{"start":{"line":9,"column":0},"end":{"line":9,"column":25}},"9":{"start":{"line":10,"column":0},"end":{"line":10,"column":21}},"10":{"start":{"line":11,"column":0},"end":{"line":11,"column":20}},"11":{"start":{"line":12,"column":0},"end":{"line":12,"column":29}},"12":{"start":{"line":13,"column":0},"end":{"line":13,"column":18}},"13":{"start":{"line":14,"column":0},"end":{"line":14,"column":13}},"14":{"start":{"line":15,"column":0},"end":{"line":15,"column":14}},"15":{"start":{"line":16,"column":0},"end":{"line":16,"column":20}},"16":{"start":{"line":17,"column":0},"end":{"line":17,"column":13}},"17":{"start":{"line":18,"column":0},"end":{"line":18,"column":24}},"18":{"start":{"line":19,"column":0},"end":{"line":19,"column":22}},"19":{"start":{"line":20,"column":0},"end":{"line":20,"column":26}},"20":{"start":{"line":21,"column":0},"end":{"line":21,"column":20}},"21":{"start":{"line":22,"column":0},"end":{"line":22,"column":21}},"22":{"start":{"line":23,"column":0},"end":{"line":23,"column":14}},"23":{"start":{"line":24,"column":0},"end":{"line":24,"column":15}},"24":{"start":{"line":25,"column":0},"end":{"line":25,"column":29}},"25":{"start":{"line":26,"column":0},"end":{"line":26,"column":26}},"26":{"start":{"line":27,"column":0},"end":{"line":27,"column":35}},"27":{"start":{"line":28,"column":0},"end":{"line":28,"column":41}},"28":{"start":{"line":29,"column":0},"end":{"line":29,"column":29}},"29":{"start":{"line":30,"column":0},"end":{"line":30,"column":28}},"30":{"start":{"line":31,"column":0},"end":{"line":31,"column":33}},"31":{"start":{"line":32,"column":0},"end":{"line":32,"column":13}},"32":{"start":{"line":33,"column":0},"end":{"line":33,"column":18}},"33":{"start":{"line":34,"column":0},"end":{"line":34,"column":14}},"34":{"start":{"line":35,"column":0},"end":{"line":35,"column":13}},"35":{"start":{"line":36,"column":0},"end":{"line":36,"column":11}},"36":{"start":{"line":37,"column":0},"end":{"line":37,"column":9}},"37":{"start":{"line":38,"column":0},"end":{"line":38,"column":7}},"38":{"start":{"line":39,"column":0},"end":{"line":39,"column":0}},"39":{"start":{"line":40,"column":0},"end":{"line":40,"column":14}},"40":{"start":{"line":41,"column":0},"end":{"line":41,"column":15}},"41":{"start":{"line":42,"column":0},"end":{"line":42,"column":23}},"42":{"start":{"line":43,"column":0},"end":{"line":43,"column":13}},"43":{"start":{"line":44,"column":0},"end":{"line":44,"column":36}},"44":{"start":{"line":45,"column":0},"end":{"line":45,"column":15}},"45":{"start":{"line":46,"column":0},"end":{"line":46,"column":30}},"46":{"start":{"line":47,"column":0},"end":{"line":47,"column":11}},"47":{"start":{"line":48,"column":0},"end":{"line":48,"column":9}},"48":{"start":{"line":49,"column":0},"end":{"line":49,"column":7}},"49":{"start":{"line":50,"column":0},"end":{"line":50,"column":14}},"50":{"start":{"line":51,"column":0},"end":{"line":51,"column":17}},"51":{"start":{"line":52,"column":0},"end":{"line":52,"column":22}},"52":{"start":{"line":53,"column":0},"end":{"line":53,"column":23}},"53":{"start":{"line":54,"column":0},"end":{"line":54,"column":22}},"54":{"start":{"line":55,"column":0},"end":{"line":55,"column":24}},"55":{"start":{"line":56,"column":0},"end":{"line":56,"column":34}},"56":{"start":{"line":57,"column":0},"end":{"line":57,"column":30}},"57":{"start":{"line":58,"column":0},"end":{"line":58,"column":9}},"58":{"start":{"line":59,"column":0},"end":{"line":59,"column":13}},"59":{"start":{"line":60,"column":0},"end":{"line":60,"column":29}},"60":{"start":{"line":61,"column":0},"end":{"line":61,"column":43}},"61":{"start":{"line":62,"column":0},"end":{"line":62,"column":26}},"62":{"start":{"line":63,"column":0},"end":{"line":63,"column":32}},"63":{"start":{"line":64,"column":0},"end":{"line":64,"column":11}},"64":{"start":{"line":65,"column":0},"end":{"line":65,"column":15}},"65":{"start":{"line":66,"column":0},"end":{"line":66,"column":34}},"66":{"start":{"line":67,"column":0},"end":{"line":67,"column":11}},"67":{"start":{"line":68,"column":0},"end":{"line":68,"column":9}},"68":{"start":{"line":69,"column":0},"end":{"line":69,"column":19}},"69":{"start":{"line":70,"column":0},"end":{"line":70,"column":33}},"70":{"start":{"line":71,"column":0},"end":{"line":71,"column":9}},"71":{"start":{"line":72,"column":0},"end":{"line":72,"column":20}},"72":{"start":{"line":73,"column":0},"end":{"line":73,"column":33}},"73":{"start":{"line":74,"column":0},"end":{"line":74,"column":9}},"74":{"start":{"line":75,"column":0},"end":{"line":75,"column":7}},"75":{"start":{"line":76,"column":0},"end":{"line":76,"column":5}},"76":{"start":{"line":77,"column":0},"end":{"line":77,"column":3}},"77":{"start":{"line":78,"column":0},"end":{"line":78,"column":2}},"78":{"start":{"line":79,"column":0},"end":{"line":79,"column":0}},"79":{"start":{"line":80,"column":0},"end":{"line":80,"column":29}}},"s":{"0":1,"1":1,"2":1,"3":1,"4":1,"5":1,"6":1,"7":1,"8":1,"9":1,"10":1,"11":1,"12":1,"13":1,"14":1,"15":1,"16":1,"17":1,"18":1,"19":1,"20":1,"21":1,"22":1,"23":1,"24":1,"25":1,"26":1,"27":1,"28":1,"29":1,"30":1,"31":1,"32":1,"33":1,"34":1,"35":1,"36":1,"37":1,"38":1,"39":1,"40":1,"41":1,"42":1,"43":1,"44":1,"45":1,"46":1,"47":1,"48":1,"49":1,"50":1,"51":1,"52":1,"53":1,"54":1,"55":1,"56":1,"57":1,"58":1,"59":1,"60":1,"61":1,"62":1,"63":1,"64":1,"65":1,"66":1,"67":1,"68":1,"69":1,"70":1,"71":1,"72":1,"73":1,"74":1,"75":1,"76":1,"77":1,"78":1,"79":1},"branchMap":{},"b":{},"fnMap":{},"f":{}}
,"/Users/hzlzh/Documents/NodeJS/react-ui/src/VirtualTable/virtualRow.tsx": {"path":"/Users/hzlzh/Documents/NodeJS/react-ui/src/VirtualTable/virtualRow.tsx","all":false,"statementMap":{"0":{"start":{"line":1,"column":0},"end":{"line":1,"column":26}},"1":{"start":{"line":2,"column":0},"end":{"line":2,"column":42}},"2":{"start":{"line":3,"column":0},"end":{"line":3,"column":0}},"3":{"start":{"line":4,"column":0},"end":{"line":4,"column":67}},"4":{"start":{"line":5,"column":0},"end":{"line":5,"column":74}},"5":{"start":{"line":6,"column":0},"end":{"line":6,"column":48}},"6":{"start":{"line":7,"column":0},"end":{"line":7,"column":0}},"7":{"start":{"line":8,"column":0},"end":{"line":8,"column":31}},"8":{"start":{"line":9,"column":0},"end":{"line":9,"column":10}},"9":{"start":{"line":10,"column":0},"end":{"line":10,"column":6}},"10":{"start":{"line":11,"column":0},"end":{"line":11,"column":18}},"11":{"start":{"line":12,"column":0},"end":{"line":12,"column":12}},"12":{"start":{"line":13,"column":0},"end":{"line":13,"column":44}},"13":{"start":{"line":14,"column":0},"end":{"line":14,"column":36}},"14":{"start":{"line":15,"column":0},"end":{"line":15,"column":6}},"15":{"start":{"line":16,"column":0},"end":{"line":16,"column":13}},"16":{"start":{"line":17,"column":0},"end":{"line":17,"column":4}},"17":{"start":{"line":18,"column":0},"end":{"line":18,"column":15}},"18":{"start":{"line":19,"column":0},"end":{"line":19,"column":9}},"19":{"start":{"line":20,"column":0},"end":{"line":20,"column":4}},"20":{"start":{"line":21,"column":0},"end":{"line":21,"column":4}},"21":{"start":{"line":22,"column":0},"end":{"line":22,"column":0}},"22":{"start":{"line":23,"column":0},"end":{"line":23,"column":6}},"23":{"start":{"line":24,"column":0},"end":{"line":24,"column":26}},"24":{"start":{"line":25,"column":0},"end":{"line":25,"column":32}},"25":{"start":{"line":26,"column":0},"end":{"line":26,"column":3}},"26":{"start":{"line":27,"column":0},"end":{"line":27,"column":0}},"27":{"start":{"line":28,"column":0},"end":{"line":28,"column":26}},"28":{"start":{"line":29,"column":0},"end":{"line":29,"column":38}},"29":{"start":{"line":30,"column":0},"end":{"line":30,"column":62}},"30":{"start":{"line":31,"column":0},"end":{"line":31,"column":7}},"31":{"start":{"line":32,"column":0},"end":{"line":32,"column":3}},"32":{"start":{"line":33,"column":0},"end":{"line":33,"column":0}},"33":{"start":{"line":34,"column":0},"end":{"line":34,"column":0}},"34":{"start":{"line":35,"column":0},"end":{"line":35,"column":9}},"35":{"start":{"line":36,"column":0},"end":{"line":36,"column":5}},"36":{"start":{"line":37,"column":0},"end":{"line":37,"column":16}},"37":{"start":{"line":38,"column":0},"end":{"line":38,"column":24}},"38":{"start":{"line":39,"column":0},"end":{"line":39,"column":73}},"39":{"start":{"line":40,"column":0},"end":{"line":40,"column":3}},"40":{"start":{"line":41,"column":0},"end":{"line":41,"column":7}},"41":{"start":{"line":42,"column":0},"end":{"line":42,"column":7}},"42":{"start":{"line":43,"column":0},"end":{"line":43,"column":3}},"43":{"start":{"line":44,"column":0},"end":{"line":44,"column":2}},"44":{"start":{"line":45,"column":0},"end":{"line":45,"column":0}},"45":{"start":{"line":46,"column":0},"end":{"line":46,"column":26}}},"s":{"0":1,"1":1,"2":1,"3":1,"4":88,"5":88,"6":88,"7":88,"8":352,"9":352,"10":352,"11":352,"12":352,"13":352,"14":352,"15":352,"16":352,"17":352,"18":352,"19":352,"20":88,"21":88,"22":88,"23":88,"24":3,"25":88,"26":88,"27":88,"28":77,"29":77,"30":77,"31":88,"32":88,"33":88,"34":88,"35":88,"36":88,"37":88,"38":88,"39":88,"40":88,"41":88,"42":88,"43":88,"44":1,"45":1},"branchMap":{"0":{"type":"branch","line":4,"loc":{"start":{"line":4,"column":42},"end":{"line":44,"column":2}},"locations":[{"start":{"line":4,"column":42},"end":{"line":44,"column":2}}]},"1":{"type":"branch","line":28,"loc":{"start":{"line":28,"column":11},"end":{"line":31,"column":7}},"locations":[{"start":{"line":28,"column":11},"end":{"line":31,"column":7}}]},"2":{"type":"branch","line":39,"loc":{"start":{"line":39,"column":21},"end":{"line":39,"column":65}},"locations":[{"start":{"line":39,"column":21},"end":{"line":39,"column":65}}]},"3":{"type":"branch","line":39,"loc":{"start":{"line":39,"column":32},"end":{"line":39,"column":48}},"locations":[{"start":{"line":39,"column":32},"end":{"line":39,"column":48}}]},"4":{"type":"branch","line":39,"loc":{"start":{"line":39,"column":49},"end":{"line":39,"column":64}},"locations":[{"start":{"line":39,"column":49},"end":{"line":39,"column":64}}]},"5":{"type":"branch","line":39,"loc":{"start":{"line":39,"column":66},"end":{"line":39,"column":72}},"locations":[{"start":{"line":39,"column":66},"end":{"line":39,"column":72}}]},"6":{"type":"branch","line":8,"loc":{"start":{"line":8,"column":16},"end":{"line":21,"column":2}},"locations":[{"start":{"line":8,"column":16},"end":{"line":21,"column":2}}]},"7":{"type":"branch","line":24,"loc":{"start":{"line":24,"column":21},"end":{"line":26,"column":2}},"locations":[{"start":{"line":24,"column":21},"end":{"line":26,"column":2}}]}},"b":{"0":[88],"1":[77],"2":[77],"3":[35],"4":[42],"5":[11],"6":[352],"7":[3]},"fnMap":{"0":{"name":"VirtualRow","decl":{"start":{"line":4,"column":42},"end":{"line":44,"column":2}},"loc":{"start":{"line":4,"column":42},"end":{"line":44,"column":2}},"line":4},"1":{"name":"handleCheck","decl":{"start":{"line":24,"column":21},"end":{"line":26,"column":2}},"loc":{"start":{"line":24,"column":21},"end":{"line":26,"column":2}},"line":24}},"f":{"0":88,"1":3}}
}
