TN:
SF:src/VirtualTable/index.tsx
FN:6,VirtualTable
FN:73,handleScroll
FN:81,handleCheck
FN:99,handleAllSelect
FN:114,getClientChildren
FNF:5
FNH:5
FNDA:9,VirtualTable
FNDA:1,handleScroll
FNDA:3,handleCheck
FNDA:2,handleAllSelect
FNDA:8,getClientChildren
DA:1,1
DA:2,1
DA:3,1
DA:4,1
DA:5,1
DA:6,1
DA:7,9
DA:8,9
DA:9,9
DA:10,9
DA:11,9
DA:12,9
DA:13,9
DA:14,9
DA:15,9
DA:16,9
DA:17,9
DA:18,9
DA:19,9
DA:20,9
DA:21,9
DA:22,9
DA:23,9
DA:24,9
DA:25,9
DA:26,9
DA:27,9
DA:28,9
DA:29,9
DA:30,9
DA:31,9
DA:32,9
DA:33,9
DA:34,32
DA:35,32
DA:36,32
DA:37,32
DA:38,32
DA:39,32
DA:40,32
DA:41,32
DA:42,32
DA:43,9
DA:44,9
DA:45,9
DA:46,9
DA:47,7
DA:48,7
DA:49,7
DA:50,9
DA:51,9
DA:52,9
DA:53,9
DA:54,7
DA:55,4
DA:56,4
DA:57,2
DA:58,2
DA:59,2
DA:60,0
DA:61,0
DA:62,0
DA:63,4
DA:64,3
DA:65,3
DA:66,3
DA:67,7
DA:68,9
DA:69,9
DA:70,9
DA:71,9
DA:72,9
DA:73,9
DA:74,1
DA:75,1
DA:76,1
DA:77,1
DA:78,9
DA:79,9
DA:80,9
DA:81,9
DA:82,3
DA:83,2
DA:84,2
DA:85,2
DA:86,2
DA:87,2
DA:88,2
DA:89,2
DA:90,1
DA:91,1
DA:92,1
DA:93,1
DA:94,1
DA:95,3
DA:96,9
DA:97,9
DA:98,9
DA:99,9
DA:100,2
DA:101,1
DA:102,1
DA:103,1
DA:104,1
DA:105,1
DA:106,1
DA:107,1
DA:108,1
DA:109,1
DA:110,2
DA:111,9
DA:112,9
DA:113,9
DA:114,9
DA:115,8
DA:116,8
DA:117,8
DA:118,8
DA:119,8
DA:120,8
DA:121,8
DA:122,8
DA:123,88
DA:124,88
DA:125,88
DA:126,88
DA:127,88
DA:128,88
DA:129,88
DA:130,88
DA:131,88
DA:132,88
DA:133,88
DA:134,88
DA:135,88
DA:136,88
DA:137,88
DA:138,88
DA:139,88
DA:140,88
DA:141,88
DA:142,88
DA:143,8
DA:144,9
DA:145,9
DA:146,9
DA:147,9
DA:148,9
DA:149,9
DA:150,9
DA:151,9
DA:152,9
DA:153,9
DA:154,9
DA:155,9
DA:156,9
DA:157,9
DA:158,9
DA:159,9
DA:160,9
DA:161,9
DA:162,9
DA:163,9
DA:164,9
DA:165,9
DA:166,9
DA:167,9
DA:168,8
DA:169,8
DA:170,9
DA:171,9
DA:172,1
DA:173,9
DA:174,9
DA:175,9
DA:176,9
DA:177,9
DA:178,9
DA:179,9
DA:180,9
DA:181,9
DA:182,9
DA:183,1
DA:184,1
LF:184
LH:181
BRDA:6,0,0,9
BRDA:32,1,0,8
BRDA:32,2,0,1
BRDA:46,3,0,7
BRDA:157,4,0,0
BRDA:164,5,0,0
BRDA:167,6,0,8
BRDA:171,7,0,1
BRDA:33,8,0,32
BRDA:52,9,0,9
BRDA:53,10,0,7
BRDA:54,11,0,4
BRDA:56,12,0,2
BRDA:56,13,0,2
BRDA:59,14,0,0
BRDA:64,15,0,3
BRDA:65,16,0,1
BRDA:65,17,0,2
BRDA:73,18,0,1
BRDA:81,19,0,3
BRDA:82,20,0,2
BRDA:83,21,0,0
BRDA:84,22,0,0
BRDA:90,23,0,1
BRDA:91,24,0,0
BRDA:99,25,0,2
BRDA:100,26,0,1
BRDA:102,27,0,0
BRDA:114,28,0,8
BRDA:122,29,0,88
BRDA:126,30,0,0
BRDA:135,31,0,44
BRDA:136,32,0,3
BRDA:136,33,0,41
BRDA:136,34,0,44
BRDA:137,35,0,1
BRDA:137,36,0,43
BRF:37
BRH:29
end_of_record
TN:
SF:src/VirtualTable/styles.ts
FNF:0
FNH:0
DA:1,1
DA:2,1
DA:3,1
DA:4,1
DA:5,1
DA:6,1
DA:7,1
DA:8,1
DA:9,1
DA:10,1
DA:11,1
DA:12,1
DA:13,1
DA:14,1
DA:15,1
DA:16,1
DA:17,1
DA:18,1
DA:19,1
DA:20,1
DA:21,1
DA:22,1
DA:23,1
DA:24,1
DA:25,1
DA:26,1
DA:27,1
DA:28,1
DA:29,1
DA:30,1
DA:31,1
DA:32,1
DA:33,1
DA:34,1
DA:35,1
DA:36,1
DA:37,1
DA:38,1
DA:39,1
DA:40,1
DA:41,1
DA:42,1
DA:43,1
DA:44,1
DA:45,1
DA:46,1
DA:47,1
DA:48,1
DA:49,1
DA:50,1
DA:51,1
DA:52,1
DA:53,1
DA:54,1
DA:55,1
DA:56,1
DA:57,1
DA:58,1
DA:59,1
DA:60,1
DA:61,1
DA:62,1
DA:63,1
DA:64,1
DA:65,1
DA:66,1
DA:67,1
DA:68,1
DA:69,1
DA:70,1
DA:71,1
DA:72,1
DA:73,1
DA:74,1
DA:75,1
DA:76,1
DA:77,1
DA:78,1
DA:79,1
DA:80,1
LF:80
LH:80
BRF:0
BRH:0
end_of_record
TN:
SF:src/VirtualTable/virtualRow.tsx
FN:4,VirtualRow
FN:24,handleCheck
FNF:2
FNH:2
FNDA:88,VirtualRow
FNDA:3,handleCheck
DA:1,1
DA:2,1
DA:3,1
DA:4,1
DA:5,88
DA:6,88
DA:7,88
DA:8,88
DA:9,352
DA:10,352
DA:11,352
DA:12,352
DA:13,352
DA:14,352
DA:15,352
DA:16,352
DA:17,352
DA:18,352
DA:19,352
DA:20,352
DA:21,88
DA:22,88
DA:23,88
DA:24,88
DA:25,3
DA:26,88
DA:27,88
DA:28,88
DA:29,77
DA:30,77
DA:31,77
DA:32,88
DA:33,88
DA:34,88
DA:35,88
DA:36,88
DA:37,88
DA:38,88
DA:39,88
DA:40,88
DA:41,88
DA:42,88
DA:43,88
DA:44,88
DA:45,1
DA:46,1
LF:46
LH:46
BRDA:4,0,0,88
BRDA:28,1,0,77
BRDA:39,2,0,77
BRDA:39,3,0,35
BRDA:39,4,0,42
BRDA:39,5,0,11
BRDA:8,6,0,352
BRDA:24,7,0,3
BRF:8
BRH:8
end_of_record
